<?xml version="1.0" encoding="UTF-8"?>
<!-- Generated by org.testng.reporters.JUnitXMLReporter -->
<testsuite ignored="2" hostname="RTLP-JER-1152" failures="6" tests="24" name="Test" time="127.342" errors="0" timestamp="2024-07-12T17:17:27 GMT-07:00">
  <testcase classname="com.loginpage.Loginpage" name="invalidlogin" time="0.947"/>
  <testcase classname="com.loginpage.Loginpage" name="logincredentails" time="2.672"/>
  <testcase classname="com.loginpage.Loginpage" name="validation" time="3.284">
    <failure type="java.lang.AssertionError" message="expected [please eneter your email id ] but found [Fill email]">
      <![CDATA[java.lang.AssertionError: expected [please eneter your email id ] but found [Fill email]
at com.loginpage.Loginpage.validation(Loginpage.java:89)
at java.base/java.util.ArrayList.forEach(ArrayList.java:1596)
... Removed 31 stack frames]]>
    </failure>
  </testcase> <!-- validation -->
  <testcase classname="com.loginpage.Loginpage" name="testBlankPassword" time="7.165">
    <failure type="java.lang.AssertionError" message="Validation message does not match when password is blank! expected [please enter password] but found [Fill password]">
      <![CDATA[java.lang.AssertionError: Validation message does not match when password is blank! expected [please enter password] but found [Fill password]
at com.loginpage.Loginpage.testBlankPassword(Loginpage.java:112)
at java.base/java.util.ArrayList.forEach(ArrayList.java:1596)
... Removed 30 stack frames]]>
    </failure>
  </testcase> <!-- testBlankPassword -->
  <testcase classname="com.loginpage.Loginpage" name="testButtonIsEnabled" time="0.025"/>
  <testcase classname="com.loginpage.Forgottenemail" name="forgotpassword" time="9.784"/>
  <testcase classname="com.loginpage.Forgottenemail" name="existemailid" time="4.359">
    <failure type="java.lang.AssertionError" message="expected [Username not recognized. Please try again.] but found [User does not exists]">
      <![CDATA[java.lang.AssertionError: expected [Username not recognized. Please try again.] but found [User does not exists]
at com.loginpage.Forgottenemail.existemailid(Forgottenemail.java:64)
at java.base/java.util.ArrayList.forEach(ArrayList.java:1596)
... Removed 31 stack frames]]>
    </failure>
  </testcase> <!-- existemailid -->
  <testcase classname="com.loginpage.Forgottenemail" name="validdata" time="4.081">
    <failure type="java.lang.AssertionError" message="expected [A password reset link has been sent to your email address.] but found [Email has been sent...
The reset link has been sent to your email address]">
      <![CDATA[java.lang.AssertionError: expected [A password reset link has been sent to your email address.] but found [Email has been sent...
The reset link has been sent to your email address]
at com.loginpage.Forgottenemail.validdata(Forgottenemail.java:85)
at java.base/java.util.ArrayList.forEach(ArrayList.java:1596)
... Removed 31 stack frames]]>
    </failure>
  </testcase> <!-- validdata -->
  <testcase classname="com.loginpage.Forgottenemail" name="navigation" time="20.077">
    <failure type="java.lang.AssertionError" message="An unexpected error occurred and page is blank">
      <![CDATA[java.lang.AssertionError: An unexpected error occurred and page is blank
at com.loginpage.Forgottenemail.navigation(Forgottenemail.java:121)
at java.base/java.util.ArrayList.forEach(ArrayList.java:1596)
Caused by: org.openqa.selenium.NoSuchElementException: no such element: Unable to locate element: {"method":"xpath","selector":"//p[normalize-space()='Welcome, Login to your account.']"}
  (Session info: chrome=126.0.6478.127)
For documentation on this error, please visit: https://www.selenium.dev/documentation/webdriver/troubleshooting/errors#no-such-element-exception
Build info: version: '4.22.0', revision: 'c5f3146703*'
System info: os.name: 'Windows 10', os.arch: 'amd64', os.version: '10.0', java.version: '21.0.3'
Driver info: org.openqa.selenium.chrome.ChromeDriver
Command: [f90084fe04503a4bfd72ae5b9f5587d8, findElement {using=xpath, value=//p[normalize-space()='Welcome, Login to your account.']}]
Capabilities {acceptInsecureCerts: false, browserName: chrome, browserVersion: 126.0.6478.127, chrome: {chromedriverVersion: 126.0.6478.126 (d36ace6122e..., userDataDir: C:\Users\Jerin\AppData\Loca...}, fedcm:accounts: true, goog:chromeOptions: {debuggerAddress: localhost:50801}, networkConnectionEnabled: false, pageLoadStrategy: normal, platformName: windows, proxy: Proxy(), se:cdp: ws://localhost:50801/devtoo..., se:cdpVersion: 126.0.6478.127, setWindowRect: true, strictFileInteractability: false, timeouts: {implicit: 0, pageLoad: 300000, script: 30000}, unhandledPromptBehavior: dismiss and notify, webauthn:extension:credBlob: true, webauthn:extension:largeBlob: true, webauthn:extension:minPinLength: true, webauthn:extension:prf: true, webauthn:virtualAuthenticators: true}
Session ID: f90084fe04503a4bfd72ae5b9f5587d8
at org.openqa.selenium.remote.ErrorCodec.decode(ErrorCodec.java:167)
at org.openqa.selenium.remote.codec.w3c.W3CHttpResponseCodec.decode(W3CHttpResponseCodec.java:138)
at org.openqa.selenium.remote.codec.w3c.W3CHttpResponseCodec.decode(W3CHttpResponseCodec.java:50)
at org.openqa.selenium.remote.HttpCommandExecutor.execute(HttpCommandExecutor.java:190)
at org.openqa.selenium.remote.service.DriverCommandExecutor.invokeExecute(DriverCommandExecutor.java:216)
at org.openqa.selenium.remote.service.DriverCommandExecutor.execute(DriverCommandExecutor.java:174)
at org.openqa.selenium.remote.RemoteWebDriver.execute(RemoteWebDriver.java:518)
at org.openqa.selenium.remote.ElementLocation$ElementFinder$2.findElement(ElementLocation.java:165)
at org.openqa.selenium.remote.ElementLocation.findElement(ElementLocation.java:59)
at org.openqa.selenium.remote.RemoteWebDriver.findElement(RemoteWebDriver.java:355)
at org.openqa.selenium.remote.RemoteWebDriver.findElement(RemoteWebDriver.java:349)
at com.loginpage.Forgottenemail.navigation(Forgottenemail.java:101)
... 26 more
... Removed 29 stack frames]]>
    </failure>
  </testcase> <!-- navigation -->
  <testcase classname="com.loginpage.Validloginwithdashboard" name="validcrendentials" time="6.757"/>
  <testcase classname="com.loginpage.Validloginwithdashboard" name="crm" time="0.325"/>
  <testcase classname="com.loginpage.Validloginwithdashboard" name="lead" time="1.393"/>
  <testcase classname="com.loginpage.Validloginwithdashboard" name="validationmessageofcontactinfo" time="0.936"/>
  <testcase classname="com.loginpage.Validloginwithdashboard" name="contactinfo" time="20.079"/>
  <testcase classname="com.loginpage.Validloginwithdashboard" name="validationmessageofsalesfollowup" time="0.674"/>
  <testcase classname="com.loginpage.Validloginwithdashboard" name="verifycheckbox" time="0.331"/>
  <testcase classname="com.loginpage.Validloginwithdashboard" name="verifyname" time="2.372"/>
  <testcase classname="com.loginpage.Validloginwithdashboard" name="verifythedropdown" time="0.29"/>
  <testcase classname="com.loginpage.Validloginwithdashboard" name="verifytheinvalidname" time="2.074">
    <failure type="java.lang.AssertionError" message="The name field should not accept numbers. expected [false] but found [true]">
      <![CDATA[java.lang.AssertionError: The name field should not accept numbers. expected [false] but found [true]
at com.loginpage.Validloginwithdashboard.verifytheinvalidname(Validloginwithdashboard.java:249)
at java.base/java.util.ArrayList.forEach(ArrayList.java:1596)
... Removed 28 stack frames]]>
    </failure>
  </testcase> <!-- verifytheinvalidname -->
  <testcase classname="com.loginpage.Validloginwithdashboard" name="mandatorysymbolofname" time="0.05"/>
  <testcase classname="com.loginpage.Validloginwithdashboard" name="mandotrysymboloftype" time="0.093"/>
  <testcase classname="com.loginpage.Validloginwithdashboard" name="mandatorysymbolofphonenumberfield" time="0.152"/>
  <testcase classname="com.loginpage.Validloginwithdashboard" name="mandatorysymbolofemail" time="0.043"/>
  <testcase classname="com.loginpage.Validloginwithdashboard" name="manadatorysymbolofbranch" time="0.039"/>
  <testcase classname="com.loginpage.Validloginwithdashboard" name="hrms" time="0.0">
    <ignored/>
  </testcase> <!-- hrms -->
  <testcase classname="com.loginpage.Validloginwithdashboard" name="searchbar" time="0.0">
    <ignored/>
  </testcase> <!-- searchbar -->
</testsuite> <!-- Test -->
