<?xml version="1.0" encoding="UTF-8"?>
<testng-results ignored="0" total="2" passed="2" failed="0" skipped="0">
  <reporter-output>
  </reporter-output>
  <suite started-at="2024-07-10T17:39:46 IST" name="Default suite" finished-at="2024-07-10T17:39:56 IST" duration-ms="10085">
    <groups>
    </groups>
    <test started-at="2024-07-10T17:39:46 IST" name="Default test" finished-at="2024-07-10T17:39:56 IST" duration-ms="10085">
      <class name="com.loginpage.Validloginwithdashboard">
        <test-method is-config="true" signature="launchbrowser()[pri:0, instance:com.loginpage.Validloginwithdashboard@1af2d44a]" started-at="2024-07-10T17:39:46 IST" name="launchbrowser" finished-at="2024-07-10T17:39:50 IST" duration-ms="4377" status="PASS">
          <reporter-output>
          </reporter-output>
        </test-method> <!-- launchbrowser -->
        <test-method signature="validcrendentials()[pri:1, instance:com.loginpage.Validloginwithdashboard@1af2d44a]" started-at="2024-07-10T17:39:50 IST" name="validcrendentials" finished-at="2024-07-10T17:39:54 IST" duration-ms="4053" status="PASS">
          <reporter-output>
          </reporter-output>
        </test-method> <!-- validcrendentials -->
        <test-method signature="hrms()[pri:2, instance:com.loginpage.Validloginwithdashboard@1af2d44a]" started-at="2024-07-10T17:39:54 IST" name="hrms" finished-at="2024-07-10T17:39:56 IST" duration-ms="1616" status="PASS">
          <reporter-output>
          </reporter-output>
        </test-method> <!-- hrms -->
      </class> <!-- com.loginpage.Validloginwithdashboard -->
    </test> <!-- Default test -->
  </suite> <!-- Default suite -->
</testng-results>
